Intel-8051 Macro Assembler - Version 1.00

      1    0000                           ;
      2    0000                           ; ｰtｦX"8ｭﾓLED(ｦ@ｳｱ)ｹ弝ﾟｪO"
      3    0000                           ;     P0ｩﾒｱｵｪｺ8ｭﾓLED(ｪ琮lｪｬｺA:ｳﾌ･ｪ2ｭﾓｫG｡Fｨ萓l6ｭﾓLEDｺｶｵﾛ),ｨﾃｶiｦ讌kｱﾛｪｺﾅﾜ､ﾆ
      4    0000                           ;
      5    0000                           
      6    0000                           	ORG	0000H
      7    0000     75 80 00              LOOP:	MOV	P0,#00000000B
      8    0003     11 0C                 	ACALL	DELAY
      9    0005     75 80 FF                    MOV   P0,#11111111B
     10    0008     11 0C                 	ACALL	DELAY
     11    000A     01 00                 	AJMP	LOOP
     12    000C                           
     13    000C     7E FA                 DELAY: MOV R6,#250
     14    000E     7F C8                 DL1:   MOV R7,#200
     15    0010     DF FE                 DL2: DJNZ R7,DL2
     16    0012     DE FA                      DJNZ R6,DL1
     17    0014     22                         RET
     18    0015                           
     19    0015                                 
     20    0015                           
     21    0015                           	END
